{
  "RSpec": {
    "coverage": {
      "/home/gtrujillo/dev/RealEstateWeb/config/environment.rb": [
        null,
        1,
        null,
        null,
        1,
        null,
        null,
        null,
        1,
        1,
        null
      ],
      "/home/gtrujillo/dev/RealEstateWeb/config/application.rb": [
        1,
        null,
        1,
        null,
        null,
        null,
        1,
        null,
        1,
        1,
        null,
        null,
        null,
        null,
        null,
        null,
        null,
        null,
        null,
        null,
        1,
        null,
        null,
        1,
        1,
        1,
        null,
        null
      ],
      "/home/gtrujillo/dev/RealEstateWeb/config/boot.rb": [
        1,
        null,
        1,
        1,
        null
      ],
      "/home/gtrujillo/dev/RealEstateWeb/config/environments/test.rb": [
        1,
        null,
        null,
        null,
        null,
        null,
        null,
        1,
        null,
        null,
        null,
        null,
        1,
        null,
        null,
        1,
        1,
        null,
        null,
        1,
        1,
        null,
        null,
        1,
        null,
        null,
        1,
        null,
        null,
        null,
        null,
        1,
        null,
        null,
        1,
        null,
        null,
        1,
        null,
        null,
        null,
        null
      ],
      "/home/gtrujillo/dev/RealEstateWeb/config/initializers/assets.rb": [
        null,
        null,
        null,
        1,
        null,
        null,
        null,
        null,
        null,
        null,
        null
      ],
      "/home/gtrujillo/dev/RealEstateWeb/config/initializers/backtrace_silencers.rb": [
        null,
        null,
        null,
        null,
        null,
        null,
        null
      ],
      "/home/gtrujillo/dev/RealEstateWeb/config/initializers/cookies_serializer.rb": [
        null,
        null,
        1
      ],
      "/home/gtrujillo/dev/RealEstateWeb/config/initializers/filter_parameter_logging.rb": [
        null,
        null,
        null,
        1
      ],
      "/home/gtrujillo/dev/RealEstateWeb/config/initializers/gmap_coordinates_picker_config.rb": [
        1,
        1,
        1,
        1,
        1,
        1,
        1,
        1,
        1,
        null
      ],
      "/home/gtrujillo/dev/RealEstateWeb/config/initializers/inflections.rb": [
        null,
        null,
        null,
        null,
        null,
        null,
        null,
        null,
        null,
        null,
        null,
        null,
        null,
        null,
        null,
        null
      ],
      "/home/gtrujillo/dev/RealEstateWeb/config/initializers/mime_types.rb": [
        null,
        null,
        null,
        null
      ],
      "/home/gtrujillo/dev/RealEstateWeb/config/initializers/session_store.rb": [
        null,
        null,
        1
      ],
      "/home/gtrujillo/dev/RealEstateWeb/config/initializers/sorcery.rb": [
        null,
        null,
        null,
        null,
        1,
        null,
        null,
        1,
        null,
        null,
        null,
        null,
        null,
        null,
        null,
        null,
        null,
        null,
        null,
        null,
        null,
        null,
        null,
        null,
        null,
        null,
        null,
        null,
        null,
        null,
        null,
        null,
        null,
        null,
        null,
        null,
        null,
        null,
        null,
        null,
        null,
        null,
        null,
        null,
        null,
        null,
        null,
        null,
        null,
        null,
        null,
        null,
        null,
        null,
        null,
        null,
        null,
        null,
        null,
        null,
        null,
        null,
        null,
        null,
        null,
        null,
        null,
        null,
        null,
        null,
        null,
        null,
        null,
        null,
        null,
        null,
        null,
        null,
        null,
        null,
        null,
        null,
        null,
        null,
        null,
        null,
        null,
        null,
        null,
        null,
        null,
        null,
        null,
        null,
        null,
        null,
        null,
        null,
        null,
        null,
        null,
        null,
        null,
        null,
        null,
        null,
        null,
        null,
        null,
        null,
        null,
        null,
        null,
        null,
        null,
        null,
        null,
        null,
        null,
        null,
        null,
        null,
        null,
        null,
        null,
        null,
        null,
        null,
        null,
        null,
        null,
        null,
        null,
        null,
        null,
        null,
        null,
        null,
        null,
        null,
        null,
        null,
        null,
        null,
        null,
        null,
        null,
        null,
        null,
        null,
        null,
        null,
        null,
        null,
        null,
        null,
        null,
        null,
        null,
        null,
        null,
        null,
        null,
        null,
        null,
        null,
        null,
        null,
        null,
        null,
        null,
        null,
        null,
        1,
        null,
        null,
        null,
        null,
        1,
        null,
        null,
        null,
        null,
        null,
        null,
        null,
        null,
        null,
        null,
        null,
        null,
        null,
        null,
        null,
        null,
        null,
        null,
        null,
        null,
        null,
        null,
        null,
        null,
        null,
        null,
        null,
        null,
        null,
        null,
        null,
        null,
        null,
        null,
        null,
        null,
        null,
        null,
        null,
        null,
        null,
        null,
        null,
        null,
        null,
        null,
        null,
        null,
        null,
        null,
        null,
        null,
        null,
        null,
        null,
        null,
        null,
        null,
        null,
        null,
        null,
        null,
        null,
        null,
        null,
        null,
        1,
        null,
        null,
        null,
        null,
        null,
        null,
        null,
        null,
        null,
        null,
        null,
        null,
        null,
        null,
        null,
        null,
        null,
        null,
        null,
        null,
        null,
        null,
        null,
        null,
        null,
        null,
        null,
        null,
        null,
        null,
        null,
        null,
        null,
        null,
        null,
        null,
        null,
        null,
        null,
        null,
        null,
        null,
        null,
        null,
        null,
        null,
        null,
        null,
        null,
        null,
        null,
        null,
        null,
        null,
        null,
        null,
        null,
        null,
        null,
        null,
        null,
        null,
        null,
        null,
        null,
        null,
        null,
        null,
        null,
        null,
        null,
        null,
        null,
        null,
        null,
        null,
        null,
        null,
        null,
        null,
        null,
        null,
        null,
        null,
        null,
        null,
        null,
        null,
        null,
        null,
        null,
        null,
        null,
        null,
        null,
        null,
        null,
        null,
        null,
        null,
        null,
        null,
        null,
        null,
        null,
        null,
        null,
        null,
        null,
        null,
        null,
        null,
        null,
        null,
        null,
        null,
        null,
        null,
        null,
        null,
        null,
        null,
        null,
        null,
        null,
        null,
        null,
        null,
        null,
        null,
        null,
        null,
        null,
        null,
        null,
        null,
        null,
        null,
        null,
        null,
        null,
        null,
        null,
        null,
        null,
        null,
        null,
        null,
        null,
        null,
        null,
        null,
        null,
        null,
        null,
        null,
        null,
        null,
        null,
        null,
        null,
        null,
        null,
        null,
        null,
        null,
        null,
        null,
        null,
        null,
        null,
        null,
        null,
        null,
        null,
        null,
        null,
        null,
        null,
        null,
        null,
        null,
        null,
        null,
        null,
        null,
        null,
        null,
        null,
        null,
        null,
        null,
        null,
        null,
        null,
        null,
        null,
        null,
        null,
        null,
        null,
        null,
        null,
        null,
        null,
        null,
        null,
        null,
        null,
        null,
        null,
        null,
        null,
        null,
        1,
        null
      ],
      "/home/gtrujillo/dev/RealEstateWeb/config/initializers/wrap_parameters.rb": [
        null,
        null,
        null,
        null,
        null,
        null,
        1,
        1,
        null,
        null,
        null,
        null,
        null,
        null
      ],
      "/home/gtrujillo/dev/RealEstateWeb/app/models/role.rb": [
        1,
        null,
        1,
        1,
        null,
        1,
        1,
        null,
        null
      ],
      "/home/gtrujillo/dev/RealEstateWeb/app/models/users/lease_holder.rb": [
        1,
        1,
        null,
        null,
        null
      ],
      "/home/gtrujillo/dev/RealEstateWeb/app/models/users/user.rb": [
        1,
        1,
        1,
        1,
        1,
        1,
        null,
        1,
        null,
        null,
        1,
        1,
        null,
        1,
        16,
        null,
        null,
        null,
        null,
        null,
        null,
        null,
        null,
        null,
        null,
        null,
        null,
        null,
        1,
        27,
        null,
        1,
        null
      ],
      "/home/gtrujillo/dev/RealEstateWeb/config/routes.rb": [
        1,
        null,
        1,
        1,
        1,
        1,
        null,
        1,
        null,
        1,
        1,
        1,
        1,
        1,
        null,
        null,
        1,
        1,
        1,
        1,
        null,
        null
      ],
      "/home/gtrujillo/dev/RealEstateWeb/app/helpers/application_helper.rb": [
        1,
        1,
        null,
        null,
        null,
        null,
        null,
        9,
        null,
        null
      ],
      "/home/gtrujillo/dev/RealEstateWeb/app/helpers/users_helper.rb": [
        1,
        null,
        null,
        1,
        7,
        7,
        7,
        null,
        null
      ],
      "/home/gtrujillo/dev/RealEstateWeb/app/models/city.rb": [
        1,
        null
      ],
      "/home/gtrujillo/dev/RealEstateWeb/app/models/countries_with_cities_grouper.rb": [
        1,
        1,
        1,
        null,
        1,
        5,
        null,
        null,
        1,
        5,
        null,
        null,
        1,
        null,
        232,
        5,
        null,
        null,
        1,
        3,
        null,
        null,
        1,
        232,
        232,
        65428,
        null,
        232,
        null,
        1,
        null,
        null
      ],
      "/home/gtrujillo/dev/RealEstateWeb/app/models/element_type.rb": [
        1,
        1,
        null,
        1,
        1,
        null,
        1,
        null,
        1,
        4,
        null,
        1,
        null
      ],
      "/home/gtrujillo/dev/RealEstateWeb/app/models/location.rb": [
        1,
        1,
        null,
        1,
        1,
        null,
        1,
        1,
        1,
        null,
        1,
        null,
        1,
        null,
        1,
        null,
        1,
        7,
        null,
        null,
        8,
        null,
        1,
        5,
        null,
        1,
        null,
        1,
        7,
        null,
        1,
        null,
        1,
        7,
        null,
        1,
        null
      ],
      "/home/gtrujillo/dev/RealEstateWeb/app/models/location_uploader.rb": [
        1,
        1,
        1,
        null,
        1,
        4,
        4,
        null,
        null,
        1,
        4,
        4,
        4,
        null,
        null,
        null,
        1,
        2,
        null,
        null
      ],
      "/home/gtrujillo/dev/RealEstateWeb/app/models/operations/operation.rb": [
        1,
        null,
        1,
        1,
        1,
        null,
        1,
        1,
        null,
        1,
        null,
        1,
        2,
        null,
        1,
        null,
        1,
        2,
        null,
        1,
        null,
        1,
        2,
        null,
        1,
        null,
        null
      ],
      "/home/gtrujillo/dev/RealEstateWeb/app/models/property_element.rb": [
        1,
        1,
        1,
        null,
        1,
        1,
        1,
        null,
        1,
        1,
        1,
        null,
        1,
        4,
        null,
        1,
        null,
        null
      ],
      "/home/gtrujillo/dev/RealEstateWeb/app/models/property.rb": [
        1,
        1,
        null,
        1,
        null,
        1,
        null,
        1,
        1,
        1,
        null,
        1,
        null,
        null,
        1,
        null,
        null,
        null,
        null,
        null,
        1,
        24,
        null,
        null,
        1,
        null,
        25,
        null,
        1,
        null,
        1,
        null,
        1,
        null,
        1,
        null,
        null,
        57,
        2,
        1,
        1,
        null,
        2,
        1,
        null,
        1,
        null,
        2,
        1,
        null,
        1,
        20,
        null,
        1,
        null,
        1,
        24,
        null,
        1,
        null,
        1,
        8,
        null,
        1,
        null,
        1,
        24,
        4,
        null,
        20,
        null,
        null,
        1,
        null
      ],
      "/home/gtrujillo/dev/RealEstateWeb/app/models/filterable.rb": [
        null,
        null,
        null,
        1,
        1,
        null,
        1,
        null,
        null,
        null,
        null,
        1,
        0,
        0,
        0,
        null,
        0,
        null,
        null,
        null
      ],
      "/home/gtrujillo/dev/RealEstateWeb/app/models/state.rb": [
        1,
        null
      ],
      "/home/gtrujillo/dev/RealEstateWeb/app/models/user_role.rb": [
        1,
        1,
        1,
        null
      ],
      "/home/gtrujillo/dev/RealEstateWeb/app/models/users/consultant.rb": [
        1,
        null,
        null,
        null
      ],
      "/home/gtrujillo/dev/RealEstateWeb/app/models/zone.rb": [
        1,
        1,
        null,
        null
      ],
      "/home/gtrujillo/dev/RealEstateWeb/app/presenters/operation_presenter.rb": [
        1,
        null,
        1,
        4,
        null,
        null,
        1,
        4,
        null,
        null,
        1,
        2,
        null,
        null,
        1,
        2,
        null,
        1,
        null
      ],
      "/home/gtrujillo/dev/RealEstateWeb/app/presenters/property_element_presenter.rb": [
        1,
        null,
        1,
        3,
        null,
        null,
        1,
        3,
        null,
        null,
        1,
        1,
        null,
        1,
        1,
        null,
        null,
        null,
        1,
        null,
        2,
        1,
        null,
        null,
        1,
        0,
        0,
        0,
        0,
        0,
        0,
        0,
        0,
        null,
        null,
        null,
        1,
        2,
        null,
        1,
        null,
        null
      ],
      "/home/gtrujillo/dev/RealEstateWeb/app/presenters/property_presenter.rb": [
        1,
        1,
        1,
        3,
        null,
        null,
        1,
        3,
        3,
        null,
        0,
        null,
        0,
        null,
        3,
        null,
        null,
        1,
        3,
        null,
        1,
        null,
        1,
        0,
        null,
        1,
        null,
        1,
        0,
        null,
        1,
        null,
        1,
        0,
        null,
        1,
        null,
        1,
        0,
        null,
        null,
        null,
        1,
        null,
        1,
        0,
        0,
        null,
        1,
        null,
        1,
        3,
        null,
        1,
        null,
        1,
        3,
        null,
        1,
        null,
        null
      ],
      "/home/gtrujillo/dev/RealEstateWeb/app/controllers/static_pages_controller.rb": [
        1,
        1,
        null,
        1,
        null,
        null,
        null
      ],
      "/home/gtrujillo/dev/RealEstateWeb/app/controllers/application_controller.rb": [
        1,
        1,
        null,
        null,
        null,
        1,
        null,
        1,
        null,
        1,
        0,
        null,
        null
      ],
      "/home/gtrujillo/dev/RealEstateWeb/app/controllers/sessions_controller.rb": [
        1,
        1,
        1,
        null,
        1,
        8,
        null,
        null,
        1,
        6,
        5,
        null,
        1,
        1,
        null,
        null,
        null,
        1,
        0,
        0,
        null,
        null,
        1,
        6,
        null,
        1,
        null,
        1,
        0,
        null,
        1,
        null,
        null
      ],
      "/home/gtrujillo/dev/RealEstateWeb/app/controllers/users_controller.rb": [
        1,
        1,
        null,
        1,
        3,
        null,
        null,
        1,
        2,
        2,
        2,
        2,
        null,
        0,
        0,
        null,
        null,
        null,
        1,
        5,
        null,
        null,
        1,
        2,
        null,
        null,
        1,
        4,
        4,
        0,
        0,
        null,
        null,
        1,
        null,
        null
      ],
      "/home/gtrujillo/dev/RealEstateWeb/app/controllers/operations_controller.rb": [
        1,
        null,
        1,
        null,
        1,
        1,
        1,
        null,
        null,
        1,
        0,
        0,
        0,
        null,
        null,
        null,
        0,
        null,
        0,
        0,
        null,
        null,
        null,
        1,
        0,
        null,
        1,
        null,
        null
      ],
      "/home/gtrujillo/dev/RealEstateWeb/app/controllers/properties_controller.rb": [
        1,
        1,
        null,
        1,
        2,
        2,
        2,
        0,
        0,
        null,
        null,
        null,
        1,
        2,
        null,
        null,
        1,
        0,
        null,
        null,
        1,
        1,
        1,
        1,
        1,
        null,
        0,
        0,
        null,
        null,
        null,
        1,
        0,
        0,
        0,
        null,
        null,
        null,
        1,
        0,
        null,
        null,
        1,
        1,
        null,
        null,
        null,
        null
      ],
      "/home/gtrujillo/dev/RealEstateWeb/app/models/date_processor.rb": [
        1,
        1,
        null,
        1,
        4,
        null,
        null,
        1,
        4,
        3,
        null,
        1,
        null,
        null,
        null,
        1,
        4,
        null,
        1,
        null,
        null
      ]
    },
    "timestamp": 1436231131
  }
}
